<?xml version="1.0" encoding="UTF-8"?>
<!-- Generated by org.testng.reporters.JUnitReportReporter -->
<testsuite skipped="0" hostname="LAPTOP-18QPBMVF" name="com.crm.qa.testcases.HomePageTest" tests="3" failures="0" timestamp="21 Oct 2018 08:50:14 GMT" time="54.625" errors="0">
  <testcase name="verifyHomePageTitleTest" time="15.154" classname="com.crm.qa.testcases.HomePageTest"/>
  <testcase name="verifyHomePageUserNameTest" time="18.995" classname="com.crm.qa.testcases.HomePageTest"/>
  <testcase name="verifyclickOnContactsLinkTest" time="20.476" classname="com.crm.qa.testcases.HomePageTest"/>
</testsuite> <!-- com.crm.qa.testcases.HomePageTest -->
